This is XeTeX, Version 3.141592653-2.6-0.999993 (TeX Live 2021) (preloaded format=xelatex 2021.11.9)  10 NOV 2021 20:12
entering extended mode
 restricted \write18 enabled.
 %&-line parsing enabled.
**manuscript.tex
(./manuscript.tex
LaTeX2e <2021-06-01> patch level 1
L3 programming layer <2021-10-18>
(/Users/mushfiqulanwarsiraji/Library/TinyTeX/texmf-dist/tex/latex/apa6/apa6.cls
Document Class: apa6 2020/01/13 v2.34 APA formatting (6th edition)

(/Users/mushfiqulanwarsiraji/Library/TinyTeX/texmf-dist/tex/latex/base/article.
cls
Document Class: article 2021/02/12 v1.4n Standard LaTeX document class

(/Users/mushfiqulanwarsiraji/Library/TinyTeX/texmf-dist/tex/latex/base/size12.c
lo
File: size12.clo 2021/02/12 v1.4n Standard LaTeX file (size option)
)
\c@part=\count178
\c@section=\count179
\c@subsection=\count180
\c@subsubsection=\count181
\c@paragraph=\count182
\c@subparagraph=\count183
\c@figure=\count184
\c@table=\count185
\abovecaptionskip=\skip47
\belowcaptionskip=\skip48
\bibindent=\dimen138
)
(/Users/mushfiqulanwarsiraji/Library/TinyTeX/texmf-dist/tex/latex/etoolbox/etoo
lbox.sty
Package: etoolbox 2020/10/05 v2.5k e-TeX tools for LaTeX (JAW)
\etb@tempcnta=\count186
)
Class apa6 Info: No bibliography package was specified; defaulting to (but not 
loading) Biblatex on input line 213.

(/Users/mushfiqulanwarsiraji/Library/TinyTeX/texmf-dist/tex/latex/lm/lmodern.st
y
Package: lmodern 2015/05/01 v1.6.1 Latin Modern Fonts
LaTeX Font Info:    Overwriting symbol font `operators' in version `normal'
(Font)                  OT1/cmr/m/n --> OT1/lmr/m/n on input line 22.
LaTeX Font Info:    Overwriting symbol font `letters' in version `normal'
(Font)                  OML/cmm/m/it --> OML/lmm/m/it on input line 23.
LaTeX Font Info:    Overwriting symbol font `symbols' in version `normal'
(Font)                  OMS/cmsy/m/n --> OMS/lmsy/m/n on input line 24.
LaTeX Font Info:    Overwriting symbol font `largesymbols' in version `normal'
(Font)                  OMX/cmex/m/n --> OMX/lmex/m/n on input line 25.
LaTeX Font Info:    Overwriting symbol font `operators' in version `bold'
(Font)                  OT1/cmr/bx/n --> OT1/lmr/bx/n on input line 26.
LaTeX Font Info:    Overwriting symbol font `letters' in version `bold'
(Font)                  OML/cmm/b/it --> OML/lmm/b/it on input line 27.
LaTeX Font Info:    Overwriting symbol font `symbols' in version `bold'
(Font)                  OMS/cmsy/b/n --> OMS/lmsy/b/n on input line 28.
LaTeX Font Info:    Overwriting symbol font `largesymbols' in version `bold'
(Font)                  OMX/cmex/m/n --> OMX/lmex/m/n on input line 29.
LaTeX Font Info:    Overwriting math alphabet `\mathbf' in version `normal'
(Font)                  OT1/cmr/bx/n --> OT1/lmr/bx/n on input line 31.
LaTeX Font Info:    Overwriting math alphabet `\mathsf' in version `normal'
(Font)                  OT1/cmss/m/n --> OT1/lmss/m/n on input line 32.
LaTeX Font Info:    Overwriting math alphabet `\mathit' in version `normal'
(Font)                  OT1/cmr/m/it --> OT1/lmr/m/it on input line 33.
LaTeX Font Info:    Overwriting math alphabet `\mathtt' in version `normal'
(Font)                  OT1/cmtt/m/n --> OT1/lmtt/m/n on input line 34.
LaTeX Font Info:    Overwriting math alphabet `\mathbf' in version `bold'
(Font)                  OT1/cmr/bx/n --> OT1/lmr/bx/n on input line 35.
LaTeX Font Info:    Overwriting math alphabet `\mathsf' in version `bold'
(Font)                  OT1/cmss/bx/n --> OT1/lmss/bx/n on input line 36.
LaTeX Font Info:    Overwriting math alphabet `\mathit' in version `bold'
(Font)                  OT1/cmr/bx/it --> OT1/lmr/bx/it on input line 37.
LaTeX Font Info:    Overwriting math alphabet `\mathtt' in version `bold'
(Font)                  OT1/cmtt/m/n --> OT1/lmtt/m/n on input line 38.
)
(/Users/mushfiqulanwarsiraji/Library/TinyTeX/texmf-dist/tex/latex/base/fontenc.
sty
Package: fontenc 2021/04/29 v2.0v Standard LaTeX package
LaTeX Font Info:    Trying to load font information for T1+lmr on input line 11
2.
(/Users/mushfiqulanwarsiraji/Library/TinyTeX/texmf-dist/tex/latex/lm/t1lmr.fd
File: t1lmr.fd 2015/05/01 v1.6.1 Font defs for Latin Modern
))
(/Users/mushfiqulanwarsiraji/Library/TinyTeX/texmf-dist/tex/latex/geometry/geom
etry.sty
Package: geometry 2020/01/02 v5.9 Page Geometry

(/Users/mushfiqulanwarsiraji/Library/TinyTeX/texmf-dist/tex/latex/graphics/keyv
al.sty
Package: keyval 2014/10/28 v1.15 key=value parser (DPC)
\KV@toks@=\toks16
)
(/Users/mushfiqulanwarsiraji/Library/TinyTeX/texmf-dist/tex/generic/iftex/ifvte
x.sty
Package: ifvtex 2019/10/25 v1.7 ifvtex legacy package. Use iftex instead.

(/Users/mushfiqulanwarsiraji/Library/TinyTeX/texmf-dist/tex/generic/iftex/iftex
.sty
Package: iftex 2020/03/06 v1.0d TeX engine tests
))
\Gm@cnth=\count187
\Gm@cntv=\count188
\c@Gm@tempcnt=\count189
\Gm@bindingoffset=\dimen139
\Gm@wd@mp=\dimen140
\Gm@odd@mp=\dimen141
\Gm@even@mp=\dimen142
\Gm@layoutwidth=\dimen143
\Gm@layoutheight=\dimen144
\Gm@layouthoffset=\dimen145
\Gm@layoutvoffset=\dimen146
\Gm@dimlist=\toks17
)
(/Users/mushfiqulanwarsiraji/Library/TinyTeX/texmf-dist/tex/latex/graphics/grap
hicx.sty
Package: graphicx 2020/12/05 v1.2c Enhanced LaTeX Graphics (DPC,SPQR)

(/Users/mushfiqulanwarsiraji/Library/TinyTeX/texmf-dist/tex/latex/graphics/grap
hics.sty
Package: graphics 2021/03/04 v1.4d Standard LaTeX Graphics (DPC,SPQR)

(/Users/mushfiqulanwarsiraji/Library/TinyTeX/texmf-dist/tex/latex/graphics/trig
.sty
Package: trig 2016/01/03 v1.10 sin cos tan (DPC)
)
(/Users/mushfiqulanwarsiraji/Library/TinyTeX/texmf-dist/tex/latex/graphics-cfg/
graphics.cfg
File: graphics.cfg 2016/06/04 v1.11 sample graphics configuration
)
Package graphics Info: Driver file: xetex.def on input line 107.

(/Users/mushfiqulanwarsiraji/Library/TinyTeX/texmf-dist/tex/latex/graphics-def/
xetex.def
File: xetex.def 2021/03/18 v5.0k Graphics/color driver for xetex
))
\Gin@req@height=\dimen147
\Gin@req@width=\dimen148
)
(/Users/mushfiqulanwarsiraji/Library/TinyTeX/texmf-dist/tex/latex/booktabs/book
tabs.sty
Package: booktabs 2020/01/12 v1.61803398 Publication quality tables
\heavyrulewidth=\dimen149
\lightrulewidth=\dimen150
\cmidrulewidth=\dimen151
\belowrulesep=\dimen152
\belowbottomsep=\dimen153
\aboverulesep=\dimen154
\abovetopsep=\dimen155
\cmidrulesep=\dimen156
\cmidrulekern=\dimen157
\defaultaddspace=\dimen158
\@cmidla=\count190
\@cmidlb=\count191
\@aboverulesep=\dimen159
\@belowrulesep=\dimen160
\@thisruleclass=\count192
\@lastruleclass=\count193
\@thisrulewidth=\dimen161
)
(/Users/mushfiqulanwarsiraji/Library/TinyTeX/texmf-dist/tex/latex/threeparttabl
e/threeparttable.sty
Package: threeparttable 2003/06/13  v 3.0
\@tempboxb=\box50
)
\b@level@one@skip=\skip49
\e@level@one@skip=\skip50
\b@level@two@skip=\skip51
\e@level@two@skip=\skip52
\b@level@three@skip=\skip53
\e@level@three@skip=\skip54
\b@level@four@skip=\skip55
\e@level@four@skip=\skip56
\b@level@five@skip=\skip57
\e@level@five@skip=\skip58

(/Users/mushfiqulanwarsiraji/Library/TinyTeX/texmf-dist/tex/latex/caption/capti
on.sty
Package: caption 2020/10/26 v3.5g Customizing captions (AR)

(/Users/mushfiqulanwarsiraji/Library/TinyTeX/texmf-dist/tex/latex/caption/capti
on3.sty
Package: caption3 2020/10/21 v2.2e caption3 kernel (AR)
\captionmargin=\dimen162
\captionmargin@=\dimen163
\captionwidth=\dimen164
\caption@tempdima=\dimen165
\caption@indent=\dimen166
\caption@parindent=\dimen167
\caption@hangindent=\dimen168
Package caption Info: Standard document class detected.
)
\c@caption@flags=\count194
\c@continuedfloat=\count195
Package caption Info: threeparttable package is loaded.
)
\c@APAenum=\count196
\@text@par@indent=\skip59
\gr@box=\box51
\gr@boxwidth=\skip60
\gr@boxheight=\skip61
(/Users/mushfiqulanwarsiraji/Library/TinyTeX/texmf-dist/tex/latex/tools/bm.sty
Package: bm 2021/04/25 v1.2e Bold Symbol Support (DPC/FMi)
\symboldoperators=\mathgroup4
\symboldletters=\mathgroup5
\symboldsymbols=\mathgroup6
Package bm Info: No bold for \OMX/lmex/m/n, using \pmb.
LaTeX Font Info:    Redeclaring math alphabet \mathbf on input line 149.
)
\c@appendix=\count197

(/Users/mushfiqulanwarsiraji/Library/TinyTeX/texmf-dist/tex/latex/fancyhdr/fanc
yhdr.sty
Package: fancyhdr 2021/01/28 v4.0.1 Extensive control of page headers and foote
rs
\f@nch@headwidth=\skip62
\f@nch@O@elh=\skip63
\f@nch@O@erh=\skip64
\f@nch@O@olh=\skip65
\f@nch@O@orh=\skip66
\f@nch@O@elf=\skip67
\f@nch@O@erf=\skip68
\f@nch@O@olf=\skip69
\f@nch@O@orf=\skip70
)
(/Users/mushfiqulanwarsiraji/Library/TinyTeX/texmf-dist/tex/latex/endfloat/endf
loat.sty
Package: endfloat 2019/04/15 v2.7 LaTeX2e package puts figures and tables at en
d (jdm)
\c@posttable=\count198
\efloat@postttt=\write3
\@ef@tttopen=\count199
\c@postfigure=\count266
\efloat@postfff=\write4
\@ef@fffopen=\count267
))
(/Users/mushfiqulanwarsiraji/Library/TinyTeX/texmf-dist/tex/latex/amsmath/amsma
th.sty
Package: amsmath 2021/04/20 v2.17j AMS math features
\@mathmargin=\skip71
For additional information on amsmath, use the `?' option.

(/Users/mushfiqulanwarsiraji/Library/TinyTeX/texmf-dist/tex/latex/amsmath/amste
xt.sty
Package: amstext 2000/06/29 v2.01 AMS text

(/Users/mushfiqulanwarsiraji/Library/TinyTeX/texmf-dist/tex/latex/amsmath/amsge
n.sty
File: amsgen.sty 1999/11/30 v2.0 generic functions
\@emptytoks=\toks18
\ex@=\dimen169
))
(/Users/mushfiqulanwarsiraji/Library/TinyTeX/texmf-dist/tex/latex/amsmath/amsbs
y.sty
Package: amsbsy 1999/11/29 v1.2d Bold Symbols
LaTeX Info: Redefining \boldsymbol on input line 28.
\pmbraise@=\dimen170
)
(/Users/mushfiqulanwarsiraji/Library/TinyTeX/texmf-dist/tex/latex/amsmath/amsop
n.sty
Package: amsopn 2016/03/08 v2.02 operator names
)
\inf@bad=\count268
LaTeX Info: Redefining \frac on input line 234.
\uproot@=\count269
\leftroot@=\count270
LaTeX Info: Redefining \overline on input line 399.
\classnum@=\count271
\DOTSCASE@=\count272
LaTeX Info: Redefining \ldots on input line 496.
LaTeX Info: Redefining \dots on input line 499.
LaTeX Info: Redefining \cdots on input line 620.
\Mathstrutbox@=\box52
\strutbox@=\box53
\big@size=\dimen171
LaTeX Font Info:    Redeclaring font encoding OML on input line 743.
LaTeX Font Info:    Redeclaring font encoding OMS on input line 744.
\macc@depth=\count273
\c@MaxMatrixCols=\count274
\dotsspace@=\muskip16
\c@parentequation=\count275
\dspbrk@lvl=\count276
\tag@help=\toks19
\row@=\count277
\column@=\count278
\maxfields@=\count279
\andhelp@=\toks20
\eqnshift@=\dimen172
\alignsep@=\dimen173
\tagshift@=\dimen174
\tagwidth@=\dimen175
\totwidth@=\dimen176
\lineht@=\dimen177
\@envbody=\toks21
\multlinegap=\skip72
\multlinetaggap=\skip73
\mathdisplay@stack=\toks22
LaTeX Info: Redefining \[ on input line 2923.
LaTeX Info: Redefining \] on input line 2924.
)
(/Users/mushfiqulanwarsiraji/Library/TinyTeX/texmf-dist/tex/latex/amsfonts/amss
ymb.sty
Package: amssymb 2013/01/14 v3.01 AMS font symbols

(/Users/mushfiqulanwarsiraji/Library/TinyTeX/texmf-dist/tex/latex/amsfonts/amsf
onts.sty
Package: amsfonts 2013/01/14 v3.01 Basic AMSFonts support
\symAMSa=\mathgroup7
\symAMSb=\mathgroup8
LaTeX Font Info:    Redeclaring math symbol \hbar on input line 98.
LaTeX Font Info:    Overwriting math alphabet `\mathfrak' in version `bold'
(Font)                  U/euf/m/n --> U/euf/b/n on input line 106.
))
(/Users/mushfiqulanwarsiraji/Library/TinyTeX/texmf-dist/tex/latex/unicode-math/
unicode-math.sty
(/Users/mushfiqulanwarsiraji/Library/TinyTeX/texmf-dist/tex/latex/l3kernel/expl
3.sty
Package: expl3 2021-10-18 L3 programming layer (loader) 

(/Users/mushfiqulanwarsiraji/Library/TinyTeX/texmf-dist/tex/latex/l3backend/l3b
ackend-xetex.def
File: l3backend-xetex.def 2021-10-18 L3 backend support: XeTeX
(|extractbb --version)
\c__kernel_sys_dvipdfmx_version_int=\count280
\l__color_backend_stack_int=\count281
\g__color_backend_stack_int=\count282
\g__graphics_track_int=\count283
\l__pdf_internal_box=\box54
\g__pdf_backend_object_int=\count284
\g__pdf_backend_annotation_int=\count285
\g__pdf_backend_link_int=\count286
))
Package: unicode-math 2020/01/31 v0.8q Unicode maths in XeLaTeX and LuaLaTeX

(/Users/mushfiqulanwarsiraji/Library/TinyTeX/texmf-dist/tex/latex/unicode-math/
unicode-math-xetex.sty
Package: unicode-math-xetex 2020/01/31 v0.8q Unicode maths in XeLaTeX and LuaLa
TeX

(/Users/mushfiqulanwarsiraji/Library/TinyTeX/texmf-dist/tex/latex/l3packages/xp
arse/xparse.sty
Package: xparse 2021-08-27 L3 Experimental document command parser
)
(/Users/mushfiqulanwarsiraji/Library/TinyTeX/texmf-dist/tex/latex/l3packages/l3
keys2e/l3keys2e.sty
Package: l3keys2e 2021-08-27 LaTeX2e option processing using LaTeX3 keys
)
(/Users/mushfiqulanwarsiraji/Library/TinyTeX/texmf-dist/tex/latex/fontspec/font
spec.sty
Package: fontspec 2020/02/21 v2.7i Font selection for XeLaTeX and LuaLaTeX

(/Users/mushfiqulanwarsiraji/Library/TinyTeX/texmf-dist/tex/latex/fontspec/font
spec-xetex.sty
Package: fontspec-xetex 2020/02/21 v2.7i Font selection for XeLaTeX and LuaLaTe
X
\l__fontspec_script_int=\count287
\l__fontspec_language_int=\count288
\l__fontspec_strnum_int=\count289
\l__fontspec_tmp_int=\count290
\l__fontspec_tmpa_int=\count291
\l__fontspec_tmpb_int=\count292
\l__fontspec_tmpc_int=\count293
\l__fontspec_em_int=\count294
\l__fontspec_emdef_int=\count295
\l__fontspec_strong_int=\count296
\l__fontspec_strongdef_int=\count297
\l__fontspec_tmpa_dim=\dimen178
\l__fontspec_tmpb_dim=\dimen179
\l__fontspec_tmpc_dim=\dimen180

(/Users/mushfiqulanwarsiraji/Library/TinyTeX/texmf-dist/tex/latex/base/fontenc.
sty
Package: fontenc 2021/04/29 v2.0v Standard LaTeX package
)
(/Users/mushfiqulanwarsiraji/Library/TinyTeX/texmf-dist/tex/latex/fontspec/font
spec.cfg)))
(/Users/mushfiqulanwarsiraji/Library/TinyTeX/texmf-dist/tex/latex/base/fix-cm.s
ty
Package: fix-cm 2020/11/24 v1.1t fixes to LaTeX

(/Users/mushfiqulanwarsiraji/Library/TinyTeX/texmf-dist/tex/latex/base/ts1enc.d
ef
File: ts1enc.def 2001/06/05 v3.0e (jk/car/fm) Standard LaTeX file
LaTeX Font Info:    Redeclaring font encoding TS1 on input line 47.
))
\g__um_fam_int=\count298
\g__um_fonts_used_int=\count299
\l__um_primecount_int=\count300
\g__um_primekern_muskip=\muskip17

(/Users/mushfiqulanwarsiraji/Library/TinyTeX/texmf-dist/tex/latex/unicode-math/
unicode-math-table.tex)))

Package fontspec Info: Helvetica scale = 0.8272589931393678.


Package fontspec Info: Helvetica scale = 0.8272589931393678.


Package fontspec Info: Helvetica/B scale = 0.8128403801466198.


Package fontspec Info: Helvetica/I scale = 0.8272589931393678.


Package fontspec Info: Helvetica/BI scale = 0.8018053820824344.


Package fontspec Info: Font family 'Helvetica(0)' created for font 'Helvetica'
(fontspec)             with options
(fontspec)             [Scale=MatchLowercase,Ligatures=TeX,Scale=1].
(fontspec)              
(fontspec)              This font family consists of the following NFSS
(fontspec)             series/shapes:
(fontspec)              
(fontspec)             - 'normal' (m/n) with NFSS spec.:
(fontspec)             <->s*[1]"Helvetica/AAT:mapping=tex-text;"
(fontspec)             - 'small caps'  (m/sc) with NFSS spec.: 
(fontspec)             - 'bold' (b/n) with NFSS spec.:
(fontspec)             <->s*[1]"Helvetica/B/AAT:mapping=tex-text;"
(fontspec)             - 'bold small caps'  (b/sc) with NFSS spec.: 
(fontspec)             - 'italic' (m/it) with NFSS spec.:
(fontspec)             <->s*[1]"Helvetica/I/AAT:mapping=tex-text;"
(fontspec)             - 'italic small caps'  (m/scit) with NFSS spec.: 
(fontspec)             - 'bold italic' (b/it) with NFSS spec.:
(fontspec)             <->s*[1]"Helvetica/BI/AAT:mapping=tex-text;"
(fontspec)             - 'bold italic small caps'  (b/scit) with NFSS spec.: 

LaTeX Font Info:    Font shape `TU/Helvetica(0)/m/n' will be
(Font)              scaled to size 12.0pt on input line 24.

Package fontspec Info: Helvetica scale = 0.9999975593624079.


Package fontspec Info: Helvetica scale = 0.9999975593624079.


Package fontspec Info: Helvetica/B scale = 0.9825682199152513.


Package fontspec Info: Helvetica/I scale = 0.9999975593624079.


Package fontspec Info: Helvetica/BI scale = 0.9692290223685705.


Package fontspec Info: Font family 'Helvetica(1)' created for font 'Helvetica'
(fontspec)             with options [Scale=MatchLowercase].
(fontspec)              
(fontspec)              This font family consists of the following NFSS
(fontspec)             series/shapes:
(fontspec)              
(fontspec)             - 'normal' (m/n) with NFSS spec.:
(fontspec)             <->s*[0.9999975593624079]"Helvetica/AAT"
(fontspec)             - 'small caps'  (m/sc) with NFSS spec.: 
(fontspec)             - 'bold' (b/n) with NFSS spec.:
(fontspec)             <->s*[0.9825682199152513]"Helvetica/B/AAT"
(fontspec)             - 'bold small caps'  (b/sc) with NFSS spec.: 
(fontspec)             - 'italic' (m/it) with NFSS spec.:
(fontspec)             <->s*[0.9999975593624079]"Helvetica/I/AAT"
(fontspec)             - 'italic small caps'  (m/scit) with NFSS spec.: 
(fontspec)             - 'bold italic' (b/it) with NFSS spec.:
(fontspec)             <->s*[0.9692290223685705]"Helvetica/BI/AAT"
(fontspec)             - 'bold italic small caps'  (b/scit) with NFSS spec.: 

LaTeX Font Info:    Overwriting math alphabet `\mathrm' in version `normal'
(Font)                  OT1/lmr/m/n --> TU/Helvetica(1)/m/n on input line 24.
LaTeX Font Info:    Overwriting math alphabet `\mathit' in version `normal'
(Font)                  OT1/lmr/m/it --> TU/Helvetica(1)/m/it on input line 24.

LaTeX Font Info:    Overwriting math alphabet `\mathbf' in version `normal'
(Font)                  OT1/lmr/bx/n --> TU/Helvetica(1)/b/n on input line 24.

(/Users/mushfiqulanwarsiraji/Library/TinyTeX/texmf-dist/tex/latex/microtype/mic
rotype.sty
Package: microtype 2021/10/31 v3.0 Micro-typographical refinements (RS)
\MT@toks=\toks23
\MT@count=\count301
\MT@tempbox=\box55
\MT@leftmarginkern=\dimen181
\MT@rightmarginkern=\dimen182
LaTeX Info: Redefining \textls on input line 1114.
\MT@outer@kern=\dimen183
LaTeX Info: Redefining \textmicrotypecontext on input line 1700.
\MT@listname@count=\count302

(/Users/mushfiqulanwarsiraji/Library/TinyTeX/texmf-dist/tex/latex/microtype/mic
rotype-xetex.def
File: microtype-xetex.def 2021/10/31 v3.0 Definitions specific to xetex (RS)
LaTeX Info: Redefining \lsstyle on input line 250.
)
Package microtype Info: Loading configuration file microtype.cfg.

(/Users/mushfiqulanwarsiraji/Library/TinyTeX/texmf-dist/tex/latex/microtype/mic
rotype.cfg
File: microtype.cfg 2021/10/31 v3.0 microtype main configuration file (RS)
))
(/Users/mushfiqulanwarsiraji/Library/TinyTeX/texmf-dist/tex/latex/xcolor/xcolor
.sty
Package: xcolor 2021/10/31 v2.13 LaTeX color extensions (UK)

(/Users/mushfiqulanwarsiraji/Library/TinyTeX/texmf-dist/tex/latex/graphics-cfg/
color.cfg
File: color.cfg 2016/01/02 v1.6 sample color configuration
)
Package xcolor Info: Driver file: xetex.def on input line 227.
Package xcolor Info: Model `cmy' substituted by `cmy0' on input line 1352.
Package xcolor Info: Model `RGB' extended on input line 1368.
Package xcolor Info: Model `HTML' substituted by `rgb' on input line 1370.
Package xcolor Info: Model `Hsb' substituted by `hsb' on input line 1371.
Package xcolor Info: Model `tHsb' substituted by `hsb' on input line 1372.
Package xcolor Info: Model `HSB' substituted by `hsb' on input line 1373.
Package xcolor Info: Model `Gray' substituted by `gray' on input line 1374.
Package xcolor Info: Model `wave' substituted by `hsb' on input line 1375.
)
(/Users/mushfiqulanwarsiraji/Library/TinyTeX/texmf-dist/tex/latex/hyperref/hype
rref.sty
Package: hyperref 2021-06-07 v7.00m Hypertext links for LaTeX

(/Users/mushfiqulanwarsiraji/Library/TinyTeX/texmf-dist/tex/generic/ltxcmds/ltx
cmds.sty
Package: ltxcmds 2020-05-10 v1.25 LaTeX kernel commands for general use (HO)
)
(/Users/mushfiqulanwarsiraji/Library/TinyTeX/texmf-dist/tex/generic/pdftexcmds/
pdftexcmds.sty
Package: pdftexcmds 2020-06-27 v0.33 Utility functions of pdfTeX for LuaTeX (HO
)

(/Users/mushfiqulanwarsiraji/Library/TinyTeX/texmf-dist/tex/generic/infwarerr/i
nfwarerr.sty
Package: infwarerr 2019/12/03 v1.5 Providing info/warning/error messages (HO)
)
Package pdftexcmds Info: \pdf@primitive is available.
Package pdftexcmds Info: \pdf@ifprimitive is available.
Package pdftexcmds Info: \pdfdraftmode not found.
)
(/Users/mushfiqulanwarsiraji/Library/TinyTeX/texmf-dist/tex/generic/kvsetkeys/k
vsetkeys.sty
Package: kvsetkeys 2019/12/15 v1.18 Key value parser (HO)
)
(/Users/mushfiqulanwarsiraji/Library/TinyTeX/texmf-dist/tex/generic/kvdefinekey
s/kvdefinekeys.sty
Package: kvdefinekeys 2019-12-19 v1.6 Define keys (HO)
)
(/Users/mushfiqulanwarsiraji/Library/TinyTeX/texmf-dist/tex/generic/pdfescape/p
dfescape.sty
Package: pdfescape 2019/12/09 v1.15 Implements pdfTeX's escape features (HO)
)
(/Users/mushfiqulanwarsiraji/Library/TinyTeX/texmf-dist/tex/latex/hycolor/hycol
or.sty
Package: hycolor 2020-01-27 v1.10 Color options for hyperref/bookmark (HO)
)
(/Users/mushfiqulanwarsiraji/Library/TinyTeX/texmf-dist/tex/latex/letltxmacro/l
etltxmacro.sty
Package: letltxmacro 2019/12/03 v1.6 Let assignment for LaTeX macros (HO)
)
(/Users/mushfiqulanwarsiraji/Library/TinyTeX/texmf-dist/tex/latex/auxhook/auxho
ok.sty
Package: auxhook 2019-12-17 v1.6 Hooks for auxiliary files (HO)
)
(/Users/mushfiqulanwarsiraji/Library/TinyTeX/texmf-dist/tex/latex/kvoptions/kvo
ptions.sty
Package: kvoptions 2020-10-07 v3.14 Key value format for package options (HO)
)
\@linkdim=\dimen184
\Hy@linkcounter=\count303
\Hy@pagecounter=\count304

(/Users/mushfiqulanwarsiraji/Library/TinyTeX/texmf-dist/tex/latex/hyperref/pd1e
nc.def
File: pd1enc.def 2021-06-07 v7.00m Hyperref: PDFDocEncoding definition (HO)
)
(/Users/mushfiqulanwarsiraji/Library/TinyTeX/texmf-dist/tex/latex/hyperref/hype
rref-langpatches.def
File: hyperref-langpatches.def 2021-06-07 v7.00m Hyperref: patches for babel la
nguages
)
(/Users/mushfiqulanwarsiraji/Library/TinyTeX/texmf-dist/tex/generic/intcalc/int
calc.sty
Package: intcalc 2019/12/15 v1.3 Expandable calculations with integers (HO)
)
(/Users/mushfiqulanwarsiraji/Library/TinyTeX/texmf-dist/tex/generic/etexcmds/et
excmds.sty
Package: etexcmds 2019/12/15 v1.7 Avoid name clashes with e-TeX commands (HO)
)
\Hy@SavedSpaceFactor=\count305

(/Users/mushfiqulanwarsiraji/Library/TinyTeX/texmf-dist/tex/latex/hyperref/puen
c.def
File: puenc.def 2021-06-07 v7.00m Hyperref: PDF Unicode definition (HO)
)
Package hyperref Info: Option `unicode' set `true' on input line 4073.
Package hyperref Info: Hyper figures OFF on input line 4192.
Package hyperref Info: Link nesting OFF on input line 4197.
Package hyperref Info: Hyper index ON on input line 4200.
Package hyperref Info: Plain pages OFF on input line 4207.
Package hyperref Info: Backreferencing OFF on input line 4212.
Package hyperref Info: Implicit mode ON; LaTeX internals redefined.
Package hyperref Info: Bookmarks ON on input line 4445.
\c@Hy@tempcnt=\count306
(/Users/mushfiqulanwarsiraji/Library/TinyTeX/texmf-dist/tex/latex/url/url.sty
\Urlmuskip=\muskip18
Package: url 2013/09/16  ver 3.4  Verb mode for urls, etc.
)
LaTeX Info: Redefining \url on input line 4804.
\XeTeXLinkMargin=\dimen185

(/Users/mushfiqulanwarsiraji/Library/TinyTeX/texmf-dist/tex/generic/bitset/bits
et.sty
Package: bitset 2019/12/09 v1.3 Handle bit-vector datatype (HO)

(/Users/mushfiqulanwarsiraji/Library/TinyTeX/texmf-dist/tex/generic/bigintcalc/
bigintcalc.sty
Package: bigintcalc 2019/12/15 v1.5 Expandable calculations on big integers (HO
)
))
\Fld@menulength=\count307
\Field@Width=\dimen186
\Fld@charsize=\dimen187
Package hyperref Info: Hyper figures OFF on input line 6076.
Package hyperref Info: Link nesting OFF on input line 6081.
Package hyperref Info: Hyper index ON on input line 6084.
Package hyperref Info: backreferencing OFF on input line 6091.
Package hyperref Info: Link coloring OFF on input line 6096.
Package hyperref Info: Link coloring with OCG OFF on input line 6101.
Package hyperref Info: PDF/A mode OFF on input line 6106.
LaTeX Info: Redefining \ref on input line 6146.
LaTeX Info: Redefining \pageref on input line 6150.

(/Users/mushfiqulanwarsiraji/Library/TinyTeX/texmf-dist/tex/latex/base/atbegshi
-ltx.sty
Package: atbegshi-ltx 2021/01/10 v1.0c Emulation of the original atbegshi
package with kernel methods
)
\Hy@abspage=\count308
\c@Item=\count309
\c@Hfootnote=\count310
)
Package hyperref Info: Driver (autodetected): hxetex.

(/Users/mushfiqulanwarsiraji/Library/TinyTeX/texmf-dist/tex/latex/hyperref/hxet
ex.def
File: hxetex.def 2021-06-07 v7.00m Hyperref driver for XeTeX

(/Users/mushfiqulanwarsiraji/Library/TinyTeX/texmf-dist/tex/generic/stringenc/s
tringenc.sty
Package: stringenc 2019/11/29 v1.12 Convert strings between diff. encodings (HO
)
)
\pdfm@box=\box56
\c@Hy@AnnotLevel=\count311
\HyField@AnnotCount=\count312
\Fld@listcount=\count313
\c@bookmark@seq@number=\count314

(/Users/mushfiqulanwarsiraji/Library/TinyTeX/texmf-dist/tex/latex/rerunfilechec
k/rerunfilecheck.sty
Package: rerunfilecheck 2019/12/05 v1.9 Rerun checks for auxiliary files (HO)

(/Users/mushfiqulanwarsiraji/Library/TinyTeX/texmf-dist/tex/latex/base/atveryen
d-ltx.sty
Package: atveryend-ltx 2020/08/19 v1.0a Emulation of the original atvery packag
e
with kernel methods
)
(/Users/mushfiqulanwarsiraji/Library/TinyTeX/texmf-dist/tex/generic/uniquecount
er/uniquecounter.sty
Package: uniquecounter 2019/12/15 v1.4 Provide unlimited unique counter (HO)
)
Package uniquecounter Info: New unique counter `rerunfilecheck' on input line 2
86.
)
\Hy@SectionHShift=\skip74
)
(/Users/mushfiqulanwarsiraji/Library/TinyTeX/texmf-dist/tex/latex/tools/longtab
le.sty
Package: longtable 2021-05-07 v4.16 Multi-page Table package (DPC)
\LTleft=\skip75
\LTright=\skip76
\LTpre=\skip77
\LTpost=\skip78
\LTchunksize=\count315
\LTcapwidth=\dimen188
\LT@head=\box57
\LT@firsthead=\box58
\LT@foot=\box59
\LT@lastfoot=\box60
\LT@gbox=\box61
\LT@cols=\count316
\LT@rows=\count317
\c@LT@tables=\count318
\c@LT@chunks=\count319
\LT@p@ftn=\toks24
)
(/Users/mushfiqulanwarsiraji/Library/TinyTeX/texmf-dist/tex/latex/tools/array.s
ty
Package: array 2021/04/20 v2.5e Tabular extension package (FMi)
\col@sep=\dimen189
\ar@mcellbox=\box62
\extrarowheight=\dimen190
\NC@list=\toks25
\extratabsurround=\skip79
\backup@length=\skip80
\ar@cellbox=\box63
)
(/Users/mushfiqulanwarsiraji/Library/TinyTeX/texmf-dist/tex/latex/tools/calc.st
y
Package: calc 2017/05/25 v4.3 Infix arithmetic (KKT,FJ)
\calc@Acount=\count320
\calc@Bcount=\count321
\calc@Adimen=\dimen191
\calc@Bdimen=\dimen192
\calc@Askip=\skip81
\calc@Bskip=\skip82
LaTeX Info: Redefining \setlength on input line 80.
LaTeX Info: Redefining \addtolength on input line 81.
\calc@Ccount=\count322
\calc@Cskip=\skip83
)
(/Users/mushfiqulanwarsiraji/Library/TinyTeX/texmf-dist/tex/latex/mdwtools/foot
note.sty
Package: footnote 1997/01/28 1.13 Save footnotes around boxes
\fn@notes=\box64
\fn@width=\dimen193
)
\cslhangindent=\skip84
\csllabelwidth=\skip85
\cslentryspacingunit=\skip86

(/Users/mushfiqulanwarsiraji/Library/TinyTeX/texmf-dist/tex/latex/pdflscape/pdf
lscape.sty
Package: pdflscape 2019/12/05 v0.12 Display of landscape pages in PDF (HO)

(/Users/mushfiqulanwarsiraji/Library/TinyTeX/texmf-dist/tex/latex/graphics/lsca
pe.sty
Package: lscape 2020/05/28 v3.02 Landscape Pages (DPC)
)
Package pdflscape Info: Auto-detected driver: dvipdfm (xetex) on input line 98.

)
(/Users/mushfiqulanwarsiraji/Library/TinyTeX/texmf-dist/tex/latex/was/upgreek.s
ty
Package: upgreek 2003/02/12 v2.0 (WaS)
Package upgreek Info: Using Euler Roman for upright Greek on input line 31.
\symugrf@m=\mathgroup9
LaTeX Font Info:    Overwriting symbol font `ugrf@m' in version `bold'
(Font)                  U/eur/m/n --> U/eur/b/n on input line 38.
)
(/Users/mushfiqulanwarsiraji/Library/TinyTeX/texmf-dist/tex/latex/multirow/mult
irow.sty
Package: multirow 2021/03/15 v2.8 Span multiple rows of a table
\multirow@colwidth=\skip87
\multirow@cntb=\count323
\multirow@dima=\skip88
\bigstrutjot=\dimen194
)
(/Users/mushfiqulanwarsiraji/Library/TinyTeX/texmf-dist/tex/latex/tools/tabular
x.sty
Package: tabularx 2020/01/15 v2.11c `tabularx' package (DPC)
\TX@col@width=\dimen195
\TX@old@table=\dimen196
\TX@old@col=\dimen197
\TX@target=\dimen198
\TX@delta=\dimen199
\TX@cols=\count324
\TX@ftn=\toks26
)
(/Users/mushfiqulanwarsiraji/Library/TinyTeX/texmf-dist/tex/latex/threeparttabl
ex/threeparttablex.sty
Package: threeparttablex 2013/07/23 v0.3 by daleif

(/Users/mushfiqulanwarsiraji/Library/TinyTeX/texmf-dist/tex/latex/environ/envir
on.sty
Package: environ 2014/05/04 v0.3 A new way to define environments

(/Users/mushfiqulanwarsiraji/Library/TinyTeX/texmf-dist/tex/latex/trimspaces/tr
imspaces.sty
Package: trimspaces 2009/09/17 v1.1 Trim spaces around a token list
))
\TPTL@width=\skip89
)
\longtablewidth=\skip90

(/Users/mushfiqulanwarsiraji/Library/TinyTeX/texmf-dist/tex/latex/lineno/lineno
.sty
Package: lineno 2005/11/02 line numbers on paragraphs v4.41
Invalid UTF-8 byte or sequence at line 296 replaced by U+FFFD.
\linenopenalty=\count325
\output=\toks27
\linenoprevgraf=\count326
\linenumbersep=\dimen256
\linenumberwidth=\dimen257
\c@linenumber=\count327
\c@pagewiselinenumber=\count328
\c@LN@truepage=\count329
\c@internallinenumber=\count330
\c@internallinenumbers=\count331
\quotelinenumbersep=\dimen258
\bframerule=\dimen259
\bframesep=\dimen260
\bframebox=\box65
LaTeX Info: Redefining \\ on input line 3056.
)
(/Users/mushfiqulanwarsiraji/Library/TinyTeX/texmf-dist/tex/latex/csquotes/csqu
otes.sty
Package: csquotes 2021-02-22 v5.2l context-sensitive quotations (JAW)
\csq@reset=\count332
\csq@gtype=\count333
\csq@glevel=\count334
\csq@qlevel=\count335
\csq@maxlvl=\count336
\csq@tshold=\count337
\csq@ltx@everypar=\toks28

(/Users/mushfiqulanwarsiraji/Library/TinyTeX/texmf-dist/tex/latex/csquotes/csqu
otes.def
File: csquotes.def 2021-02-22 v5.2l csquotes generic definitions (JAW)
)
Package csquotes Info: Trying to load configuration file 'csquotes.cfg'...
Package csquotes Info: ... configuration file loaded successfully.

(/Users/mushfiqulanwarsiraji/Library/TinyTeX/texmf-dist/tex/latex/csquotes/csqu
otes.cfg
File: csquotes.cfg 
))
(/Users/mushfiqulanwarsiraji/Library/TinyTeX/texmf-dist/tex/latex/polyglossia/p
olyglossia.sty
Package: polyglossia 2021/04/12 v1.53 Modern multilingual typesetting with XeLa
TeX and LuaLaTeX

(/Users/mushfiqulanwarsiraji/Library/TinyTeX/texmf-dist/tex/latex/makecmds/make
cmds.sty
Package: makecmds 2009/09/03 v1.0a extra command making commands
)
(/Users/mushfiqulanwarsiraji/Library/TinyTeX/texmf-dist/tex/latex/xkeyval/xkeyv
al.sty
Package: xkeyval 2020/11/20 v2.8 package option processing (HA)

(/Users/mushfiqulanwarsiraji/Library/TinyTeX/texmf-dist/tex/generic/xkeyval/xke
yval.tex
(/Users/mushfiqulanwarsiraji/Library/TinyTeX/texmf-dist/tex/generic/xkeyval/xkv
utils.tex
\XKV@toks=\toks29
\XKV@tempa@toks=\toks30
)
\XKV@depth=\count338
File: xkeyval.tex 2014/12/03 v2.7a key=value parser (HA)
))
\xpg@normalclass=\XeTeXcharclass1

(/Users/mushfiqulanwarsiraji/Library/TinyTeX/texmf-dist/tex/latex/polyglossia/g
loss-latex.ldf
File: gloss-latex.ldf polyglossia: module for default language
The property list \polyglossia@langsetup contains the pairs (without outer
braces):
>  {latex/script}  =>  {latin}
>  {latex/lcscript}  =>  {latin}
>  {latex/scripttag}  =>  {}
>  {latex/language}  =>  {Latex}
>  {latex/langtag}  =>  {ENG}
>  {latex/bcp47}  =>  {}
>  {latex/hyphennames}  =>  {english}
>  {latex/direction}  =>  {LR}
>  {latex/hyphenmins}  =>  {2,3}
>  {latex/frenchspacing}  =>  {false}
>  {latex/indentfirst}  =>  {false}
>  {latex/fontsetup}  =>  {true}
>  {latex/envname}  =>  {latex}
>  {latex/babelname}  =>  {latex}
>  {latex/localnumeral}  =>  {polyglossia@C@localnumeral}
>  {latex/Localnumeral}  =>  {polyglossia@C@localnumeral}.
)
Package polyglossia Info: Default language is latex.
)
(/Users/mushfiqulanwarsiraji/Library/TinyTeX/texmf-dist/tex/latex/polyglossia/g
loss-english.ldf
File: gloss-english.ldf polyglossia: module for english
The property list \polyglossia@langsetup contains the pairs (without outer
braces):
>  {latex/script}  =>  {latin}
>  {latex/lcscript}  =>  {latin}
>  {latex/scripttag}  =>  {}
>  {latex/language}  =>  {Latex}
>  {latex/langtag}  =>  {ENG}
>  {latex/bcp47}  =>  {}
>  {latex/hyphennames}  =>  {english}
>  {latex/direction}  =>  {LR}
>  {latex/hyphenmins}  =>  {2,3}
>  {latex/frenchspacing}  =>  {false}
>  {latex/indentfirst}  =>  {false}
>  {latex/fontsetup}  =>  {true}
>  {latex/envname}  =>  {latex}
>  {latex/babelname}  =>  {latex}
>  {latex/localnumeral}  =>  {polyglossia@C@localnumeral}
>  {latex/Localnumeral}  =>  {polyglossia@C@localnumeral}
>  {english/script}  =>  {latin}
>  {english/lcscript}  =>  {latin}
>  {english/scripttag}  =>  {}
>  {english/language}  =>  {English}
>  {english/langtag}  =>  {ENG}
>  {english/bcp47}  =>  {en-US}
>  {english/hyphennames}  =>  {english,american,usenglish,USenglish}
>  {english/direction}  =>  {LR}
>  {english/hyphenmins}  =>  {2,3}
>  {english/frenchspacing}  =>  {false}
>  {english/indentfirst}  =>  {false}
>  {english/fontsetup}  =>  {true}
>  {english/envname}  =>  {english}
>  {english/babelname}  =>  {english}
>  {english/localnumeral}  =>  {polyglossia@C@localnumeral}
>  {english/Localnumeral}  =>  {polyglossia@C@localnumeral}.
Package polyglossia Info: Option: English, variant=american.
)
Package polyglossia Info: Default language is english.
Package csquotes Info: Checking for multilingual support...
Package csquotes Info: ... found 'polyglossia' package.
Package csquotes Info: Adjusting default style.
Package csquotes Info: Redefining alias 'default' -> 'american'.
(./manuscript.aux
LaTeX Info: Redefining \rmfamily on input line 19.
LaTeX Info: Redefining \sffamily on input line 19.
LaTeX Info: Redefining \ttfamily on input line 19.
)
\openout1 = `manuscript.aux'.

LaTeX Font Info:    Checking defaults for OML/cmm/m/it on input line 212.
LaTeX Font Info:    ... okay on input line 212.
LaTeX Font Info:    Checking defaults for OMS/cmsy/m/n on input line 212.
LaTeX Font Info:    ... okay on input line 212.
LaTeX Font Info:    Checking defaults for OT1/cmr/m/n on input line 212.
LaTeX Font Info:    ... okay on input line 212.
LaTeX Font Info:    Checking defaults for T1/cmr/m/n on input line 212.
LaTeX Font Info:    ... okay on input line 212.
LaTeX Font Info:    Checking defaults for TS1/cmr/m/n on input line 212.
LaTeX Font Info:    ... okay on input line 212.
LaTeX Font Info:    Checking defaults for TU/lmr/m/n on input line 212.
LaTeX Font Info:    ... okay on input line 212.
LaTeX Font Info:    Checking defaults for OMX/cmex/m/n on input line 212.
LaTeX Font Info:    ... okay on input line 212.
LaTeX Font Info:    Checking defaults for U/cmr/m/n on input line 212.
LaTeX Font Info:    ... okay on input line 212.
LaTeX Font Info:    Checking defaults for PD1/pdf/m/n on input line 212.
LaTeX Font Info:    ... okay on input line 212.
LaTeX Font Info:    Checking defaults for PU/pdf/m/n on input line 212.
LaTeX Font Info:    ... okay on input line 212.
*geometry* driver: auto-detecting
*geometry* detected driver: xetex
*geometry* verbose mode - [ preamble ] result:
* driver: xetex
* paper: <default>
* layout: <same size as paper>
* layoutoffset:(h,v)=(0.0pt,0.0pt)
* modes: twoside 
* h-part:(L,W,R)=(72.26999pt, 469.75502pt, 72.26999pt)
* v-part:(T,H,B)=(72.26999pt, 650.43001pt, 72.26999pt)
* \paperwidth=614.295pt
* \paperheight=794.96999pt
* \textwidth=469.75502pt
* \textheight=650.43001pt
* \oddsidemargin=0.0pt
* \evensidemargin=0.0pt
* \topmargin=-37.0pt
* \headheight=15.2pt
* \headsep=25.0pt
* \topskip=12.0pt
* \footskip=30.0pt
* \marginparwidth=95.0pt
* \marginparsep=10.0pt
* \columnsep=10.0pt
* \skip\footins=10.8pt plus 4.0pt minus 2.0pt
* \hoffset=0.0pt
* \voffset=0.0pt
* \mag=1000
* \@twocolumnfalse
* \@twosidetrue
* \@mparswitchtrue
* \@reversemarginfalse
* (1in=72.27pt=25.4mm, 1cm=28.453pt)


(/Users/mushfiqulanwarsiraji/Library/TinyTeX/texmf-dist/tex/latex/apa6/config/A
PAamerican.txt
File: APAamerican.txt 2012/02/23 v1.25 apa6 configuration for American English
)
Package caption Info: Begin \AtBeginDocument code.
Package caption Info: hyperref package is loaded.
Package caption Info: longtable package is loaded.

(/Users/mushfiqulanwarsiraji/Library/TinyTeX/texmf-dist/tex/latex/caption/ltcap
tion.sty
Package: ltcaption 2020/05/30 v1.4b longtable captions (AR)
)
Package caption Info: End \AtBeginDocument code.
LaTeX Font Info:    Overwriting math alphabet `\mathsf' in version `normal'
(Font)                  OT1/lmss/m/n --> TU/lmss/m/n on input line 212.
LaTeX Font Info:    Overwriting math alphabet `\mathsf' in version `bold'
(Font)                  OT1/lmss/bx/n --> TU/lmss/b/n on input line 212.
LaTeX Font Info:    Overwriting math alphabet `\mathtt' in version `normal'
(Font)                  OT1/lmtt/m/n --> TU/lmtt/m/n on input line 212.
LaTeX Font Info:    Overwriting math alphabet `\mathtt' in version `bold'
(Font)                  OT1/lmtt/m/n --> TU/lmtt/b/n on input line 212.

Package fontspec Info: latinmodern-math scale = 1.208804760542022.


Package fontspec Info: latinmodern-math scale = 1.208804760542022.


Package fontspec Info: latinmodern-math scale = 1.208804760542022.


Package fontspec Info: Font family 'latinmodern-math.otf(0)' created for font
(fontspec)             'latinmodern-math.otf' with options
(fontspec)             [Scale=MatchLowercase,BoldItalicFont={},ItalicFont={},Sm
allCapsFont={},Script=Math,BoldFont={latinmodern-math.otf}].
(fontspec)              
(fontspec)              This font family consists of the following NFSS
(fontspec)             series/shapes:
(fontspec)              
(fontspec)             - 'normal' (m/n) with NFSS spec.:
(fontspec)             <->s*[1.208804760542022]"[latinmodern-math.otf]/OT:scrip
t=math;language=dflt;"
(fontspec)             - 'small caps'  (m/sc) with NFSS spec.: 
(fontspec)             - 'bold' (b/n) with NFSS spec.:
(fontspec)             <->s*[1.208804760542022]"[latinmodern-math.otf]/OT:scrip
t=math;language=dflt;"
(fontspec)             - 'bold small caps'  (b/sc) with NFSS spec.: 

LaTeX Font Info:    Font shape `TU/latinmodern-math.otf(0)/m/n' will be
(Font)              scaled to size 14.50562pt on input line 212.

Package fontspec Info: latinmodern-math scale = 1.208804760542022.


Package fontspec Info: latinmodern-math scale = 1.208804760542022.


Package fontspec Info: latinmodern-math scale = 1.208804760542022.


Package fontspec Info: latinmodern-math scale = 1.208804760542022.


Package fontspec Info: latinmodern-math scale = 1.208804760542022.


Package fontspec Info: Font family 'latinmodern-math.otf(1)' created for font
(fontspec)             'latinmodern-math.otf' with options
(fontspec)             [Scale=MatchLowercase,BoldItalicFont={},ItalicFont={},Sm
allCapsFont={},Script=Math,SizeFeatures={{Size=10.2-},{Size=7.2-10.2,Font=latin
modern-math.otf,Style=MathScript},{Size=-7.2,Font=latinmodern-math.otf,Style=Ma
thScriptScript}},BoldFont={latinmodern-math.otf}].
(fontspec)              
(fontspec)              This font family consists of the following NFSS
(fontspec)             series/shapes:
(fontspec)              
(fontspec)             - 'normal' (m/n) with NFSS spec.:
(fontspec)             <10.2->s*[1.208804760542022]"[latinmodern-math.otf]/OT:s
cript=math;language=dflt;"<7.2-10.2>s*[1.208804760542022]"[latinmodern-math.otf
]/OT:script=math;language=dflt;+ssty=0;"<-7.2>s*[1.208804760542022]"[latinmoder
n-math.otf]/OT:script=math;language=dflt;+ssty=1;"
(fontspec)             - 'small caps'  (m/sc) with NFSS spec.: 
(fontspec)             - 'bold' (b/n) with NFSS spec.:
(fontspec)             <->s*[1.208804760542022]"[latinmodern-math.otf]/OT:scrip
t=math;language=dflt;"
(fontspec)             - 'bold small caps'  (b/sc) with NFSS spec.: 

LaTeX Font Info:    Font shape `TU/latinmodern-math.otf(1)/m/n' will be
(Font)              scaled to size 14.50562pt on input line 212.
LaTeX Font Info:    Encoding `OT1' has changed to `TU' for symbol font
(Font)              `operators' in the math version `normal' on input line 212.

LaTeX Font Info:    Overwriting symbol font `operators' in version `normal'
(Font)                  OT1/lmr/m/n --> TU/latinmodern-math.otf(1)/m/n on input
 line 212.
LaTeX Font Info:    Encoding `OT1' has changed to `TU' for symbol font
(Font)              `operators' in the math version `bold' on input line 212.
LaTeX Font Info:    Overwriting symbol font `operators' in version `bold'
(Font)                  OT1/lmr/bx/n --> TU/latinmodern-math.otf(1)/b/n on inpu
t line 212.

Package fontspec Info: latinmodern-math scale = 1.208804760542022.


Package fontspec Info: latinmodern-math scale = 1.208925641018076.


Package fontspec Info: latinmodern-math scale = 1.208804760542022.


Package fontspec Info: latinmodern-math scale = 1.208925641018076.


Package fontspec Info: latinmodern-math scale = 1.208804760542022.


Package fontspec Info: latinmodern-math scale = 1.208925641018076.


Package fontspec Info: latinmodern-math scale = 1.208804760542022.


Package fontspec Info: latinmodern-math scale = 1.208925641018076.


Package fontspec Info: latinmodern-math scale = 1.208804760542022.


Package fontspec Info: latinmodern-math scale = 1.208925641018076.


Package fontspec Info: Font family 'latinmodern-math.otf(2)' created for font
(fontspec)             'latinmodern-math.otf' with options
(fontspec)             [Scale=MatchLowercase,BoldItalicFont={},ItalicFont={},Sm
allCapsFont={},Script=Math,SizeFeatures={{Size=10.2-},{Size=7.2-10.2,Font=latin
modern-math.otf,Style=MathScript},{Size=-7.2,Font=latinmodern-math.otf,Style=Ma
thScriptScript}},BoldFont={latinmodern-math.otf},ScaleAgain=1.0001,FontAdjustme
nt={\fontdimen
(fontspec)             8\font =9.8203pt\relax \fontdimen 9\font
(fontspec)             =5.71521pt\relax \fontdimen 10\font =6.44049pt\relax
(fontspec)             \fontdimen 11\font =9.95085pt\relax \fontdimen 12\font
(fontspec)             =5.00444pt\relax \fontdimen 13\font =5.26553pt\relax
(fontspec)             \fontdimen 14\font =5.26553pt\relax \fontdimen 15\font
(fontspec)             =4.19212pt\relax \fontdimen 16\font =3.58289pt\relax
(fontspec)             \fontdimen 17\font =3.58289pt\relax \fontdimen 18\font
(fontspec)             =3.6264pt\relax \fontdimen 19\font =2.90112pt\relax
(fontspec)             \fontdimen 22\font =3.6264pt\relax \fontdimen 20\font
(fontspec)             =0pt\relax \fontdimen 21\font =0pt\relax }].
(fontspec)              
(fontspec)              This font family consists of the following NFSS
(fontspec)             series/shapes:
(fontspec)              
(fontspec)             - 'normal' (m/n) with NFSS spec.:
(fontspec)             <10.2->s*[1.208925641018076]"[latinmodern-math.otf]/OT:s
cript=math;language=dflt;"<7.2-10.2>s*[1.208925641018076]"[latinmodern-math.otf
]/OT:script=math;language=dflt;+ssty=0;"<-7.2>s*[1.208925641018076]"[latinmoder
n-math.otf]/OT:script=math;language=dflt;+ssty=1;"
(fontspec)             - 'small caps'  (m/sc) with NFSS spec.: 
(fontspec)             and font adjustment code:
(fontspec)             \fontdimen 8\font =9.8203pt\relax \fontdimen 9\font
(fontspec)             =5.71521pt\relax \fontdimen 10\font =6.44049pt\relax
(fontspec)             \fontdimen 11\font =9.95085pt\relax \fontdimen 12\font
(fontspec)             =5.00444pt\relax \fontdimen 13\font =5.26553pt\relax
(fontspec)             \fontdimen 14\font =5.26553pt\relax \fontdimen 15\font
(fontspec)             =4.19212pt\relax \fontdimen 16\font =3.58289pt\relax
(fontspec)             \fontdimen 17\font =3.58289pt\relax \fontdimen 18\font
(fontspec)             =3.6264pt\relax \fontdimen 19\font =2.90112pt\relax
(fontspec)             \fontdimen 22\font =3.6264pt\relax \fontdimen 20\font
(fontspec)             =0pt\relax \fontdimen 21\font =0pt\relax 
(fontspec)             - 'bold' (b/n) with NFSS spec.:
(fontspec)             <->s*[1.208925641018076]"[latinmodern-math.otf]/OT:scrip
t=math;language=dflt;"
(fontspec)             - 'bold small caps'  (b/sc) with NFSS spec.: 
(fontspec)             and font adjustment code:
(fontspec)             \fontdimen 8\font =9.8203pt\relax \fontdimen 9\font
(fontspec)             =5.71521pt\relax \fontdimen 10\font =6.44049pt\relax
(fontspec)             \fontdimen 11\font =9.95085pt\relax \fontdimen 12\font
(fontspec)             =5.00444pt\relax \fontdimen 13\font =5.26553pt\relax
(fontspec)             \fontdimen 14\font =5.26553pt\relax \fontdimen 15\font
(fontspec)             =4.19212pt\relax \fontdimen 16\font =3.58289pt\relax
(fontspec)             \fontdimen 17\font =3.58289pt\relax \fontdimen 18\font
(fontspec)             =3.6264pt\relax \fontdimen 19\font =2.90112pt\relax
(fontspec)             \fontdimen 22\font =3.6264pt\relax \fontdimen 20\font
(fontspec)             =0pt\relax \fontdimen 21\font =0pt\relax 

LaTeX Font Info:    Encoding `OMS' has changed to `TU' for symbol font
(Font)              `symbols' in the math version `normal' on input line 212.
LaTeX Font Info:    Overwriting symbol font `symbols' in version `normal'
(Font)                  OMS/lmsy/m/n --> TU/latinmodern-math.otf(2)/m/n on inpu
t line 212.
LaTeX Font Info:    Encoding `OMS' has changed to `TU' for symbol font
(Font)              `symbols' in the math version `bold' on input line 212.
LaTeX Font Info:    Overwriting symbol font `symbols' in version `bold'
(Font)                  OMS/lmsy/b/n --> TU/latinmodern-math.otf(2)/b/n on inpu
t line 212.

Package fontspec Info: latinmodern-math scale = 1.208804760542022.


Package fontspec Info: latinmodern-math scale = 1.208683880065968.


Package fontspec Info: latinmodern-math scale = 1.208804760542022.


Package fontspec Info: latinmodern-math scale = 1.208683880065968.


Package fontspec Info: latinmodern-math scale = 1.208804760542022.


Package fontspec Info: latinmodern-math scale = 1.208683880065968.


Package fontspec Info: latinmodern-math scale = 1.208804760542022.


Package fontspec Info: latinmodern-math scale = 1.208683880065968.


Package fontspec Info: latinmodern-math scale = 1.208804760542022.


Package fontspec Info: latinmodern-math scale = 1.208683880065968.


Package fontspec Info: Font family 'latinmodern-math.otf(3)' created for font
(fontspec)             'latinmodern-math.otf' with options
(fontspec)             [Scale=MatchLowercase,BoldItalicFont={},ItalicFont={},Sm
allCapsFont={},Script=Math,SizeFeatures={{Size=10.2-},{Size=7.2-10.2,Font=latin
modern-math.otf,Style=MathScript},{Size=-7.2,Font=latinmodern-math.otf,Style=Ma
thScriptScript}},BoldFont={latinmodern-math.otf},ScaleAgain=0.9999,FontAdjustme
nt={\fontdimen
(fontspec)             8\font =0.58023pt\relax \fontdimen 9\font
(fontspec)             =2.90112pt\relax \fontdimen 10\font =2.42244pt\relax
(fontspec)             \fontdimen 11\font =1.61012pt\relax \fontdimen 12\font
(fontspec)             =8.70337pt\relax \fontdimen 13\font =0pt\relax }].
(fontspec)              
(fontspec)              This font family consists of the following NFSS
(fontspec)             series/shapes:
(fontspec)              
(fontspec)             - 'normal' (m/n) with NFSS spec.:
(fontspec)             <10.2->s*[1.208683880065968]"[latinmodern-math.otf]/OT:s
cript=math;language=dflt;"<7.2-10.2>s*[1.208683880065968]"[latinmodern-math.otf
]/OT:script=math;language=dflt;+ssty=0;"<-7.2>s*[1.208683880065968]"[latinmoder
n-math.otf]/OT:script=math;language=dflt;+ssty=1;"
(fontspec)             - 'small caps'  (m/sc) with NFSS spec.: 
(fontspec)             and font adjustment code:
(fontspec)             \fontdimen 8\font =0.58023pt\relax \fontdimen 9\font
(fontspec)             =2.90112pt\relax \fontdimen 10\font =2.42244pt\relax
(fontspec)             \fontdimen 11\font =1.61012pt\relax \fontdimen 12\font
(fontspec)             =8.70337pt\relax \fontdimen 13\font =0pt\relax 
(fontspec)             - 'bold' (b/n) with NFSS spec.:
(fontspec)             <->s*[1.208683880065968]"[latinmodern-math.otf]/OT:scrip
t=math;language=dflt;"
(fontspec)             - 'bold small caps'  (b/sc) with NFSS spec.: 
(fontspec)             and font adjustment code:
(fontspec)             \fontdimen 8\font =0.58023pt\relax \fontdimen 9\font
(fontspec)             =2.90112pt\relax \fontdimen 10\font =2.42244pt\relax
(fontspec)             \fontdimen 11\font =1.61012pt\relax \fontdimen 12\font
(fontspec)             =8.70337pt\relax \fontdimen 13\font =0pt\relax 

LaTeX Font Info:    Encoding `OMX' has changed to `TU' for symbol font
(Font)              `largesymbols' in the math version `normal' on input line 2
12.
LaTeX Font Info:    Overwriting symbol font `largesymbols' in version `normal'
(Font)                  OMX/lmex/m/n --> TU/latinmodern-math.otf(3)/m/n on inpu
t line 212.
LaTeX Font Info:    Encoding `OMX' has changed to `TU' for symbol font
(Font)              `largesymbols' in the math version `bold' on input line 212
.
LaTeX Font Info:    Overwriting symbol font `largesymbols' in version `bold'
(Font)                  OMX/lmex/m/n --> TU/latinmodern-math.otf(3)/b/n on inpu
t line 212.
LaTeX Info: Redefining \microtypecontext on input line 212.
Package microtype Info: Applying patch `item' on input line 212.
Package microtype Info: Applying patch `toc' on input line 212.
Package microtype Info: Applying patch `eqnum' on input line 212.
Package microtype Info: Applying patch `footnote' on input line 212.
Package microtype Info: Character protrusion enabled (level 2).
Package microtype Info: Using protrusion set `basicmath'.
Package microtype Info: No adjustment of tracking.
Package microtype Info: No adjustment of spacing.
Package microtype Info: No adjustment of kerning.
Package microtype Info: Loading generic protrusion settings for font family
(microtype)             `Helvetica' (encoding: TU).
(microtype)             For optimal results, create family-specific settings.
(microtype)             See the microtype manual for details.
Package hyperref Info: Link coloring OFF on input line 212.

(/Users/mushfiqulanwarsiraji/Library/TinyTeX/texmf-dist/tex/latex/hyperref/name
ref.sty
Package: nameref 2021-04-02 v2.47 Cross-referencing by name of section

(/Users/mushfiqulanwarsiraji/Library/TinyTeX/texmf-dist/tex/latex/refcount/refc
ount.sty
Package: refcount 2019/12/15 v3.6 Data extraction from label references (HO)
)
(/Users/mushfiqulanwarsiraji/Library/TinyTeX/texmf-dist/tex/generic/gettitlestr
ing/gettitlestring.sty
Package: gettitlestring 2019/12/15 v1.6 Cleanup title references (HO)
)
\c@section@level=\count339
)
LaTeX Info: Redefining \ref on input line 212.
LaTeX Info: Redefining \pageref on input line 212.
LaTeX Info: Redefining \nameref on input line 212.
(./manuscript.out) (./manuscript.out)
\@outlinefile=\write5
\openout5 = `manuscript.out'.

LaTeX Info: Redefining \rmfamily on input line 212.
LaTeX Info: Redefining \sffamily on input line 212.
LaTeX Info: Redefining \ttfamily on input line 212.
LaTeX Font Info:    Font shape `TU/Helvetica(0)/m/it' will be
(Font)              scaled to size 12.0pt on input line 214.
LaTeX Font Info:    Font shape `TU/Helvetica(0)/m/n' will be
(Font)              scaled to size 6.0pt on input line 214.
LaTeX Font Info:    Font shape `TU/latinmodern-math.otf(1)/m/n' will be
(Font)              scaled to size 10.15392pt on input line 214.
LaTeX Font Info:    Font shape `TU/latinmodern-math.otf(1)/m/n' will be
(Font)              scaled to size 7.2528pt on input line 214.
LaTeX Font Info:    Trying to load font information for OML+lmm on input line 2
14.
(/Users/mushfiqulanwarsiraji/Library/TinyTeX/texmf-dist/tex/latex/lm/omllmm.fd
File: omllmm.fd 2015/05/01 v1.6.1 Font defs for Latin Modern
)
LaTeX Font Info:    Font shape `TU/latinmodern-math.otf(2)/m/n' will be
(Font)              scaled to size 14.50708pt on input line 214.
LaTeX Font Info:    Font shape `TU/latinmodern-math.otf(2)/m/n' will be
(Font)              scaled to size 10.15494pt on input line 214.
LaTeX Font Info:    Font shape `TU/latinmodern-math.otf(2)/m/n' will be
(Font)              scaled to size 7.25354pt on input line 214.
LaTeX Font Info:    Font shape `TU/latinmodern-math.otf(3)/m/n' will be
(Font)              scaled to size 14.50415pt on input line 214.
LaTeX Font Info:    Font shape `TU/latinmodern-math.otf(3)/m/n' will be
(Font)              scaled to size 10.1529pt on input line 214.
LaTeX Font Info:    Font shape `TU/latinmodern-math.otf(3)/m/n' will be
(Font)              scaled to size 7.25208pt on input line 214.
LaTeX Font Info:    Trying to load font information for OT1+lmr on input line 2
14.
(/Users/mushfiqulanwarsiraji/Library/TinyTeX/texmf-dist/tex/latex/lm/ot1lmr.fd
File: ot1lmr.fd 2015/05/01 v1.6.1 Font defs for Latin Modern
)
(/Users/mushfiqulanwarsiraji/Library/TinyTeX/texmf-dist/tex/latex/microtype/mt-
LatinModernRoman.cfg
File: mt-LatinModernRoman.cfg 2021/02/21 v1.1 microtype config. file: Latin Mod
ern Roman (RS)
)
LaTeX Font Info:    Trying to load font information for OMS+lmsy on input line 
214.

(/Users/mushfiqulanwarsiraji/Library/TinyTeX/texmf-dist/tex/latex/lm/omslmsy.fd
File: omslmsy.fd 2015/05/01 v1.6.1 Font defs for Latin Modern
)
LaTeX Font Info:    Trying to load font information for U+msa on input line 214
.

(/Users/mushfiqulanwarsiraji/Library/TinyTeX/texmf-dist/tex/latex/amsfonts/umsa
.fd
File: umsa.fd 2013/01/14 v3.01 AMS symbols A
)
(/Users/mushfiqulanwarsiraji/Library/TinyTeX/texmf-dist/tex/latex/microtype/mt-
msa.cfg
File: mt-msa.cfg 2006/02/04 v1.1 microtype config. file: AMS symbols (a) (RS)
)
LaTeX Font Info:    Trying to load font information for U+msb on input line 214
.

(/Users/mushfiqulanwarsiraji/Library/TinyTeX/texmf-dist/tex/latex/amsfonts/umsb
.fd
File: umsb.fd 2013/01/14 v3.01 AMS symbols B
)
(/Users/mushfiqulanwarsiraji/Library/TinyTeX/texmf-dist/tex/latex/microtype/mt-
msb.cfg
File: mt-msb.cfg 2005/06/01 v1.0 microtype config. file: AMS symbols (b) (RS)
)
(/Users/mushfiqulanwarsiraji/Library/TinyTeX/texmf-dist/tex/latex/microtype/mt-
eur.cfg
File: mt-eur.cfg 2006/07/31 v1.1 microtype config. file: AMS Euler Roman (RS)
)
LaTeX Font Info:    Font shape `TU/Helvetica(0)/m/n' will be
(Font)              scaled to size 8.4pt on input line 214.

Underfull \vbox (badness 10000) has occurred while \output is active []

[1

] [2]
LaTeX Font Info:    Font shape `TU/Helvetica(0)/b/n' will be
(Font)              scaled to size 12.0pt on input line 214.
[3]
\openout3 = `manuscript.ttt'.

(manuscript.ttt) [4] [5] [6] [7] [8]
\openout4 = `manuscript.fff'.

(manuscript.fff) [9]

LaTeX Warning: Reference `tab:MinResTab' on page 10 undefined on input line 572
.


LaTeX Warning: Reference `tab:sixFacTab' on page 10 undefined on input line 572
.

[10]
Underfull \vbox (badness 7649) has occurred while \output is active []

[11] [12] [13] [14] [15]
Underfull \vbox (badness 1028) has occurred while \output is active []

[16]
Underfull \vbox (badness 10000) has occurred while \output is active []

[17]
Underfull \vbox (badness 10000) has occurred while \output is active []

[18]
Underfull \vbox (badness 10000) has occurred while \output is active []

[19]
Underfull \vbox (badness 10000) has occurred while \output is active []

[20]
Underfull \vbox (badness 10000) has occurred while \output is active []

[21]
Underfull \vbox (badness 10000) has occurred while \output is active []

[22]
Underfull \vbox (badness 10000) has occurred while \output is active []

[23]
Underfull \vbox (badness 10000) has occurred while \output is active []

[24]
Underfull \vbox (badness 10000) has occurred while \output is active []

[25] AED endfloat: Processing end Figures and Tables [26] (./manuscript.ttt
Overfull \hbox (3.00307pt too wide) in paragraph at lines 12--13
[]\TU/Helvetica(0)/m/n/12 Authors  
 []


Overfull \hbox (41.89583pt too wide) in paragraph at lines 18--19
[]\TU/Helvetica(0)/m/n/12 Adaptations  
 []


Overfull \hbox (4.22163pt too wide) in alignment at lines 6--21
 [] [] [] [] [] 
 []


Overfull \hbox (3.00307pt too wide) in paragraph at lines 26--27
[]\TU/Helvetica(0)/m/n/12 Authors  
 []


Overfull \hbox (41.89583pt too wide) in paragraph at lines 32--33
[]\TU/Helvetica(0)/m/n/12 Adaptations  
 []


Overfull \hbox (4.22163pt too wide) in alignment at lines 21--35
 [] [] [] [] [] 
 []


Overfull \hbox (10.735pt too wide) in paragraph at lines 36--36
[]|\TU/Helvetica(0)/m/n/12 (Verriotto 
 []


Overfull \hbox (2.7311pt too wide) in paragraph at lines 37--37
[]|\TU/Helvetica(0)/m/n/12 (Eklund 
 []


Overfull \hbox (2.39317pt too wide) in paragraph at lines 39--39
[]|\TU/Helvetica(0)/m/n/12 (Dianat, 
 []


Overfull \hbox (1.07481pt too wide) in paragraph at lines 39--39
\TU/Helvetica(0)/m/n/12 Sedghi, 
 []


Overfull \hbox (28.42638pt too wide) in paragraph at lines 39--39
\TU/Helvetica(0)/m/n/12 Bagherzade, 
 []


Overfull \hbox (7.07481pt too wide) in paragraph at lines 39--39
\TU/Helvetica(0)/m/n/12 farabadi, 
 []


Overfull \hbox (33.7584pt too wide) in paragraph at lines 41--41
[]|\TU/Helvetica(0)/m/n/12 (Roenneberg, 
 []


Overfull \hbox (0.75723pt too wide) in paragraph at lines 41--41
\TU/Helvetica(0)/m/n/12 Justice, 
 []


Overfull \hbox (136.74957pt too wide) in paragraph at lines 45--45
[]                              \TU/lmtt/m/n/12 |[] 
 []


Overfull \hbox (3.06114pt too wide) in paragraph at lines 47--47
\TU/Helvetica(0)/m/n/12 Buysse, 
 []


Overfull \hbox (12.07094pt too wide) in paragraph at lines 47--47
\TU/Helvetica(0)/m/n/12 Reynolds 
 []


Overfull \hbox (5.72716pt too wide) in paragraph at lines 47--47
\TU/Helvetica(0)/m/n/12 Berman, 
 []


Overfull \hbox (4.22163pt too wide) in alignment at lines 35--51
 [] [] [] [] [] 
 []

[27


] [28] [29]
Overfull \hbox (4.09526pt too wide) in alignment at lines 60--76
 [] [] [] [] [] [] 
 []


Overfull \hbox (4.09526pt too wide) in alignment at lines 76--94
 [] [] [] [] [] [] 
 []

[30

]
Overfull \hbox (5.5327pt too wide) in paragraph at lines 104--104
[] [] 
 []


Overfull \hbox (11.0654pt too wide) in alignment at lines 103--108
 [] [] [] [] [] [] [] 
 []


Overfull \hbox (5.5327pt too wide) in paragraph at lines 109--109
[] [] 
 []


Overfull \hbox (11.0654pt too wide) in alignment at lines 108--113
 [] [] [] [] [] [] [] 
 []


Overfull \hbox (11.0654pt too wide) in alignment at lines 113--165
 [] [] [] [] [] [] [] 
 []

[31

] [32]
LaTeX Font Info:    Font shape `TU/Helvetica(0)/m/n' will be
(Font)              scaled to size 10.95pt on input line 177.
LaTeX Font Info:    Font shape `TU/latinmodern-math.otf(1)/m/n' will be
(Font)              scaled to size 13.23636pt on input line 179.
LaTeX Font Info:    Font shape `TU/latinmodern-math.otf(1)/m/n' will be
(Font)              scaled to size 9.67041pt on input line 179.
LaTeX Font Info:    Font shape `TU/latinmodern-math.otf(2)/m/n' will be
(Font)              scaled to size 13.2377pt on input line 179.
LaTeX Font Info:    Font shape `TU/latinmodern-math.otf(2)/m/n' will be
(Font)              scaled to size 9.67139pt on input line 179.
LaTeX Font Info:    Font shape `TU/latinmodern-math.otf(3)/m/n' will be
(Font)              scaled to size 13.23503pt on input line 179.
LaTeX Font Info:    Font shape `TU/latinmodern-math.otf(3)/m/n' will be
(Font)              scaled to size 9.66943pt on input line 179.

LaTeX Warning: Float too large for page by 56.95956pt on input line 222.

[33] [34]
Overfull \hbox (10.22842pt too wide) in paragraph at lines 232--232
[] [] 
 []


Overfull \hbox (20.45685pt too wide) in alignment at lines 231--236
 [] [] [] [] [] [] [] [] [] 
 []


Overfull \hbox (10.22842pt too wide) in paragraph at lines 237--237
[] [] 
 []


Overfull \hbox (20.45685pt too wide) in alignment at lines 236--241
 [] [] [] [] [] [] [] [] [] 
 []


Overfull \hbox (20.45685pt too wide) in alignment at lines 241--247
 [] [] [] [] [] [] [] [] [] 
 []

[35


]
LaTeX Font Info:    Font shape `TU/Helvetica(0)/m/n' will be
(Font)              scaled to size 8.0pt on input line 258.
LaTeX Font Info:    Font shape `TU/latinmodern-math.otf(1)/m/n' will be
(Font)              scaled to size 6.044pt on input line 278.
LaTeX Font Info:    Font shape `TU/latinmodern-math.otf(2)/m/n' will be
(Font)              scaled to size 6.04462pt on input line 278.
LaTeX Font Info:    Font shape `TU/latinmodern-math.otf(3)/m/n' will be
(Font)              scaled to size 6.0434pt on input line 278.
[36



]

LaTeX Warning: Float too large for page by 48.5854pt on input line 331.

) [37] (./manuscript.fff
File: Manuscript.figures/Flowchart1.png Graphic file (type bmp)
<Manuscript.figures/Flowchart1.png>
File: manuscript_files/figure-latex/figCor-1.pdf Graphic file (type pdf)
<use manuscript_files/figure-latex/figCor-1.pdf>
File: manuscript_files/figure-latex/facIdFig-1.pdf Graphic file (type pdf)
<use manuscript_files/figure-latex/facIdFig-1.pdf>
File: Manuscript.figures/EFAplot.png Graphic file (type bmp)
<Manuscript.figures/EFAplot.png>
File: manuscript_files/figure-latex/EFAResiduals-1.pdf Graphic file (type pdf)
<use manuscript_files/figure-latex/EFAResiduals-1.pdf>
File: Manuscript.figures/gt.png Graphic file (type bmp)
<Manuscript.figures/gt.png>

LaTeX Warning: Float too large for page by 33.99788pt on input line 55.

File: manuscript_files/figure-latex/figcfa-1.pdf Graphic file (type pdf)
<use manuscript_files/figure-latex/figcfa-1.pdf>
File: manuscript_files/figure-latex/itmeinfo-1.pdf Graphic file (type pdf)
<use manuscript_files/figure-latex/itmeinfo-1.pdf>
File: manuscript_files/figure-latex/Testinfo-1.pdf Graphic file (type pdf)
<use manuscript_files/figure-latex/Testinfo-1.pdf>
)
The property list \polyglossia@langsetup contains the pairs (without outer
braces):
>  {latex/script}  =>  {latin}
>  {latex/lcscript}  =>  {latin}
>  {latex/scripttag}  =>  {}
>  {latex/language}  =>  {Latex}
>  {latex/langtag}  =>  {ENG}
>  {latex/bcp47}  =>  {}
>  {latex/hyphennames}  =>  {english}
>  {latex/direction}  =>  {LR}
>  {latex/hyphenmins}  =>  {2,3}
>  {latex/frenchspacing}  =>  {false}
>  {latex/indentfirst}  =>  {false}
>  {latex/fontsetup}  =>  {true}
>  {latex/envname}  =>  {latex}
>  {latex/babelname}  =>  {latex}
>  {latex/localnumeral}  =>  {polyglossia@C@localnumeral}
>  {latex/Localnumeral}  =>  {polyglossia@C@localnumeral}
>  {english/script}  =>  {latin}
>  {english/lcscript}  =>  {latin}
>  {english/scripttag}  =>  {}
>  {english/language}  =>  {English}
>  {english/langtag}  =>  {ENG}
>  {english/bcp47}  =>  {en-US}
>  {english/hyphennames}  =>  {english,american,usenglish,USenglish}
>  {english/direction}  =>  {LR}
>  {english/hyphenmins}  =>  {2,3}
>  {english/frenchspacing}  =>  {false}
>  {english/indentfirst}  =>  {false}
>  {english/fontsetup}  =>  {true}
>  {english/envname}  =>  {english}
>  {english/babelname}  =>  {american}
>  {english/localnumeral}  =>  {polyglossia@C@localnumeral}
>  {english/Localnumeral}  =>  {polyglossia@C@localnumeral}.
[38


] [39] [40] [41] [42] [43] [44] [45] (./manuscript.aux
LaTeX Info: Redefining \rmfamily on input line 19.
LaTeX Info: Redefining \sffamily on input line 19.
LaTeX Info: Redefining \ttfamily on input line 19.
)

LaTeX Warning: There were undefined references.

Package rerunfilecheck Info: File `manuscript.out' has not changed.
(rerunfilecheck)             Checksum: 401335B0A93859BC402DB9B117354EEA;2353.
 ) 
Here is how much of TeX's memory you used:
 22241 strings out of 478472
 405326 string characters out of 5859377
 926291 words of memory out of 5000000
 42154 multiletter control sequences out of 15000+600000
 436224 words of font info for 113 fonts, out of 8000000 for 9000
 14 hyphenation exceptions out of 8191
 87i,12n,122p,2569b,730s stack positions out of 5000i,500n,10000p,200000b,80000s

Output written on manuscript.pdf (45 pages).
